% mean class accuracy (train set)	
 8.1834e+01	
 9.1437e+01	
 9.3194e+01	
 9.4384e+01	
 9.5258e+01	
 9.5942e+01	
 9.6728e+01	
 9.7309e+01	
 9.7892e+01	
 9.8362e+01	
 9.8825e+01	
 9.9294e+01	
 9.9590e+01	
 9.9790e+01	
 9.9906e+01	
 9.9966e+01	
 9.9982e+01	
 9.9986e+01	
 9.9992e+01	
 9.9993e+01	
 9.9997e+01	
 9.9996e+01	
 9.9996e+01	
 9.9997e+01	
 9.9996e+01	
 9.9996e+01	
 9.9995e+01	
 9.9995e+01	
 9.9996e+01	
 9.9996e+01	
 9.9995e+01	
 9.9996e+01	
 9.9997e+01	
 9.9997e+01	
 9.9999e+01	
 9.9999e+01	
 9.9997e+01	
 9.9999e+01	
 9.9997e+01	
 9.9997e+01	
 9.9997e+01	
 9.9997e+01	
 9.9997e+01	
 9.9997e+01	
 9.9999e+01	
 9.9997e+01	
 9.9997e+01	
 9.9997e+01	
 9.9999e+01	
 9.9999e+01	
 9.9999e+01	
 9.9997e+01	
 9.9997e+01	
 9.9999e+01	
 9.9997e+01	
 9.9999e+01	
 9.9997e+01	
 9.9997e+01	
 9.9997e+01	
 9.9997e+01	
 9.9999e+01	
 9.9997e+01	
 9.9997e+01	
 9.9999e+01	
 9.9999e+01	
 9.9997e+01	
 9.9997e+01	
 9.9997e+01	
 9.9997e+01	
 9.9999e+01	
 9.9997e+01	
 9.9997e+01	
 9.9999e+01	
 9.9999e+01	
 9.9999e+01	
 9.9999e+01	
 9.9997e+01	
 9.9999e+01	
 9.9999e+01	
 9.9999e+01	
 9.9999e+01	
 9.9999e+01	
 9.9997e+01	
 9.9999e+01	
 9.9999e+01	
 9.9997e+01	
